SF:/Users/youngmin/works/ros_dart/lib/src/topic.dart
DA:13,1
DA:69,1
DA:81,1
DA:84,1
DA:86,1
DA:87,2
DA:88,1
DA:89,2
DA:90,2
DA:94,0
DA:99,1
DA:104,1
DA:110,1
DA:113,1
DA:115,1
DA:116,2
DA:117,1
DA:118,2
DA:122,0
DA:127,1
DA:132,1
DA:140,1
DA:143,1
DA:145,1
DA:146,2
DA:147,1
DA:148,2
DA:149,2
DA:153,0
DA:158,1
DA:163,1
DA:187,1
DA:190,1
DA:192,1
DA:193,2
DA:194,1
DA:195,2
DA:196,3
DA:197,2
DA:198,2
DA:199,1
DA:200,3
DA:204,0
DA:206,0
DA:209,1
DA:214,1
DA:223,1
DA:226,1
DA:228,1
DA:229,2
DA:230,1
DA:231,2
DA:235,0
DA:240,1
LF:54
LH:48
end_of_record
SF:/Users/youngmin/works/ros_dart/lib/src/request.dart
DA:15,0
LF:1
LH:0
end_of_record
SF:/Users/youngmin/works/ros_dart/lib/src/param.dart
DA:12,1
DA:39,1
DA:44,1
DA:50,1
DA:52,1
DA:53,1
DA:54,1
DA:55,2
DA:59,0
DA:61,0
DA:64,1
DA:67,1
DA:73,1
DA:81,1
DA:83,1
DA:84,1
DA:85,1
DA:86,1
DA:87,1
DA:88,1
DA:93,0
DA:95,0
DA:98,1
DA:101,1
DA:105,1
DA:111,1
DA:113,1
DA:114,1
DA:115,1
DA:116,2
DA:120,0
DA:122,0
DA:125,1
DA:128,1
LF:34
LH:28
end_of_record
SF:/Users/youngmin/works/ros_dart/lib/src/service.dart
DA:11,1
DA:49,1
DA:72,1
DA:75,1
DA:77,1
DA:78,2
DA:79,1
DA:80,2
DA:81,2
DA:82,1
DA:83,3
DA:87,0
DA:89,0
DA:92,1
DA:102,1
DA:111,1
DA:114,1
DA:116,1
DA:117,1
DA:118,1
DA:119,1
DA:123,0
DA:128,1
DA:137,1
DA:143,1
DA:146,1
DA:148,1
DA:149,1
DA:150,1
DA:154,0
DA:159,1
LF:31
LH:27
end_of_record
SF:/Users/youngmin/works/ros_dart/lib/src/exception.dart
DA:5,3
LF:1
LH:1
end_of_record
SF:/Users/youngmin/works/ros_dart/lib/src/ros.dart
DA:25,0
DA:32,0
DA:35,0
DA:36,0
DA:41,0
DA:43,0
DA:46,0
DA:49,0
DA:54,0
DA:58,0
DA:63,0
DA:65,0
DA:66,0
DA:67,0
DA:68,0
DA:69,0
DA:71,0
DA:72,0
DA:73,0
DA:77,0
DA:80,0
DA:82,0
DA:85,0
DA:90,0
LF:24
LH:0
end_of_record
